<?xml version="1.0" encoding="UTF-8"?>
<testsuite name="pl.edu.pjatk.simulator.service.CompartmentServiceTest" tests="2" skipped="0" failures="0" errors="0" timestamp="2021-02-02T16:54:24" hostname="DESKTOP-9U5H4BF" time="0.045">
  <properties/>
  <testcase name="getAllNotAttachedWithNotAttachedCompartmentsShouldReturnNotEmptyList()" classname="pl.edu.pjatk.simulator.service.CompartmentServiceTest" time="0.006"/>
  <testcase name="getAllNotAttachedWithAttachedCompartmentsShouldReturnEmptyList()" classname="pl.edu.pjatk.simulator.service.CompartmentServiceTest" time="0.037"/>
  <system-out><![CDATA[2021-02-02 17:54:24.670  INFO 3736 --- [    Test worker] .b.t.c.SpringBootTestContextBootstrapper : Neither @ContextConfiguration nor @ContextHierarchy found for test class [pl.edu.pjatk.simulator.service.CompartmentServiceTest], using SpringBootContextLoader
2021-02-02 17:54:24.672  INFO 3736 --- [    Test worker] o.s.t.c.support.AbstractContextLoader    : Could not detect default resource locations for test class [pl.edu.pjatk.simulator.service.CompartmentServiceTest]: no resource found for suffixes {-context.xml, Context.groovy}.
2021-02-02 17:54:24.673  INFO 3736 --- [    Test worker] t.c.s.AnnotationConfigContextLoaderUtils : Could not detect default configuration classes for test class [pl.edu.pjatk.simulator.service.CompartmentServiceTest]: CompartmentServiceTest does not declare any static, non-private, non-final, nested classes annotated with @Configuration.
2021-02-02 17:54:24.675  INFO 3736 --- [    Test worker] .b.t.c.SpringBootTestContextBootstrapper : Found @SpringBootConfiguration pl.edu.pjatk.simulator.Application for test class pl.edu.pjatk.simulator.service.CompartmentServiceTest
2021-02-02 17:54:24.677  INFO 3736 --- [    Test worker] .b.t.c.SpringBootTestContextBootstrapper : Loaded default TestExecutionListener class names from location [META-INF/spring.factories]: [org.springframework.security.test.context.support.WithSecurityContextTestExecutionListener, org.springframework.security.test.context.support.ReactorContextTestExecutionListener, org.springframework.boot.test.autoconfigure.restdocs.RestDocsTestExecutionListener, org.springframework.boot.test.autoconfigure.web.client.MockRestServiceServerResetTestExecutionListener, org.springframework.boot.test.autoconfigure.web.servlet.MockMvcPrintOnlyOnFailureTestExecutionListener, org.springframework.boot.test.autoconfigure.web.servlet.WebDriverTestExecutionListener, org.springframework.boot.test.autoconfigure.webservices.client.MockWebServiceServerTestExecutionListener, org.springframework.boot.test.mock.mockito.MockitoTestExecutionListener, org.springframework.boot.test.mock.mockito.ResetMocksTestExecutionListener, org.springframework.test.context.web.ServletTestExecutionListener, org.springframework.test.context.support.DirtiesContextBeforeModesTestExecutionListener, org.springframework.test.context.support.DependencyInjectionTestExecutionListener, org.springframework.test.context.support.DirtiesContextTestExecutionListener, org.springframework.test.context.transaction.TransactionalTestExecutionListener, org.springframework.test.context.jdbc.SqlScriptsTestExecutionListener, org.springframework.test.context.event.EventPublishingTestExecutionListener]
2021-02-02 17:54:24.679  INFO 3736 --- [    Test worker] .b.t.c.SpringBootTestContextBootstrapper : Using TestExecutionListeners: [org.springframework.test.context.web.ServletTestExecutionListener@70c42786, org.springframework.test.context.support.DirtiesContextBeforeModesTestExecutionListener@25eb4036, org.springframework.boot.test.mock.mockito.MockitoTestExecutionListener@43d9862b, org.springframework.boot.test.autoconfigure.SpringBootDependencyInjectionTestExecutionListener@38948ed4, org.springframework.test.context.support.DirtiesContextTestExecutionListener@693d7657, org.springframework.test.context.transaction.TransactionalTestExecutionListener@162871b6, org.springframework.test.context.jdbc.SqlScriptsTestExecutionListener@194f4586, org.springframework.security.test.context.support.WithSecurityContextTestExecutionListener@5b19a55, org.springframework.test.context.event.EventPublishingTestExecutionListener@73ccb7a, org.springframework.security.test.context.support.ReactorContextTestExecutionListener@52ccbfea, org.springframework.boot.test.autoconfigure.restdocs.RestDocsTestExecutionListener@314cb340, org.springframework.boot.test.autoconfigure.web.client.MockRestServiceServerResetTestExecutionListener@3826e40e, org.springframework.boot.test.autoconfigure.web.servlet.MockMvcPrintOnlyOnFailureTestExecutionListener@59209f6b, org.springframework.boot.test.autoconfigure.web.servlet.WebDriverTestExecutionListener@6ea4484a, org.springframework.boot.test.autoconfigure.webservices.client.MockWebServiceServerTestExecutionListener@3a26306d, org.springframework.boot.test.mock.mockito.ResetMocksTestExecutionListener@352fb5b3]
]]></system-out>
  <system-err><![CDATA[]]></system-err>
</testsuite>
