<?xml version="1.0" encoding="UTF-8"?>
<testsuite name="pl.edu.pjatk.simulator.service.CompartmentServiceTest" tests="2" skipped="0" failures="0" errors="0" timestamp="2020-12-25T18:27:17" hostname="DESKTOP-9U5H4BF" time="0.086">
  <properties/>
  <testcase name="getAllNotAttachedWithNotAttachedCompartmentsShouldReturnNotEmptyList()" classname="pl.edu.pjatk.simulator.service.CompartmentServiceTest" time="0.031"/>
  <testcase name="getAllNotAttachedWithAttachedCompartmentsShouldReturnEmptyList()" classname="pl.edu.pjatk.simulator.service.CompartmentServiceTest" time="0.053"/>
  <system-out><![CDATA[2020-12-25 19:27:17.698  INFO 15668 --- [    Test worker] .b.t.c.SpringBootTestContextBootstrapper : Neither @ContextConfiguration nor @ContextHierarchy found for test class [pl.edu.pjatk.simulator.service.CompartmentServiceTest], using SpringBootContextLoader
2020-12-25 19:27:17.698  INFO 15668 --- [    Test worker] o.s.t.c.support.AbstractContextLoader    : Could not detect default resource locations for test class [pl.edu.pjatk.simulator.service.CompartmentServiceTest]: no resource found for suffixes {-context.xml, Context.groovy}.
2020-12-25 19:27:17.698  INFO 15668 --- [    Test worker] t.c.s.AnnotationConfigContextLoaderUtils : Could not detect default configuration classes for test class [pl.edu.pjatk.simulator.service.CompartmentServiceTest]: CompartmentServiceTest does not declare any static, non-private, non-final, nested classes annotated with @Configuration.
2020-12-25 19:27:17.709  INFO 15668 --- [    Test worker] .b.t.c.SpringBootTestContextBootstrapper : Found @SpringBootConfiguration pl.edu.pjatk.simulator.Application for test class pl.edu.pjatk.simulator.service.CompartmentServiceTest
2020-12-25 19:27:17.709  INFO 15668 --- [    Test worker] .b.t.c.SpringBootTestContextBootstrapper : Loaded default TestExecutionListener class names from location [META-INF/spring.factories]: [org.springframework.boot.test.autoconfigure.restdocs.RestDocsTestExecutionListener, org.springframework.boot.test.autoconfigure.web.client.MockRestServiceServerResetTestExecutionListener, org.springframework.boot.test.autoconfigure.web.servlet.MockMvcPrintOnlyOnFailureTestExecutionListener, org.springframework.boot.test.autoconfigure.web.servlet.WebDriverTestExecutionListener, org.springframework.boot.test.autoconfigure.webservices.client.MockWebServiceServerTestExecutionListener, org.springframework.boot.test.mock.mockito.MockitoTestExecutionListener, org.springframework.boot.test.mock.mockito.ResetMocksTestExecutionListener, org.springframework.test.context.web.ServletTestExecutionListener, org.springframework.test.context.support.DirtiesContextBeforeModesTestExecutionListener, org.springframework.test.context.support.DependencyInjectionTestExecutionListener, org.springframework.test.context.support.DirtiesContextTestExecutionListener, org.springframework.test.context.transaction.TransactionalTestExecutionListener, org.springframework.test.context.jdbc.SqlScriptsTestExecutionListener, org.springframework.test.context.event.EventPublishingTestExecutionListener]
2020-12-25 19:27:17.709  INFO 15668 --- [    Test worker] .b.t.c.SpringBootTestContextBootstrapper : Using TestExecutionListeners: [org.springframework.test.context.web.ServletTestExecutionListener@b23e9e9, org.springframework.test.context.support.DirtiesContextBeforeModesTestExecutionListener@3ba48985, org.springframework.boot.test.mock.mockito.MockitoTestExecutionListener@4fe6864d, org.springframework.boot.test.autoconfigure.SpringBootDependencyInjectionTestExecutionListener@77e07994, org.springframework.test.context.support.DirtiesContextTestExecutionListener@6398ba20, org.springframework.test.context.transaction.TransactionalTestExecutionListener@7cefff77, org.springframework.test.context.jdbc.SqlScriptsTestExecutionListener@7c0da49, org.springframework.test.context.event.EventPublishingTestExecutionListener@73982ffc, org.springframework.boot.test.autoconfigure.restdocs.RestDocsTestExecutionListener@5577d215, org.springframework.boot.test.autoconfigure.web.client.MockRestServiceServerResetTestExecutionListener@56e09b8b, org.springframework.boot.test.autoconfigure.web.servlet.MockMvcPrintOnlyOnFailureTestExecutionListener@57f3118c, org.springframework.boot.test.autoconfigure.web.servlet.WebDriverTestExecutionListener@65a63341, org.springframework.boot.test.autoconfigure.webservices.client.MockWebServiceServerTestExecutionListener@e2ab29a, org.springframework.boot.test.mock.mockito.ResetMocksTestExecutionListener@5c445c17]
]]></system-out>
  <system-err><![CDATA[]]></system-err>
</testsuite>
