<?xml version="1.0" encoding="UTF-8"?>
<testsuite name="pl.edu.pjatk.simulator.ApplicationTest" tests="1" skipped="0" failures="0" errors="0" timestamp="2020-12-25T18:27:17" hostname="DESKTOP-9U5H4BF" time="0.248">
  <properties/>
  <testcase name="contextLoads()" classname="pl.edu.pjatk.simulator.ApplicationTest" time="0.248"/>
  <system-out><![CDATA[19:27:11.184 [Test worker] DEBUG org.springframework.test.context.BootstrapUtils - Instantiating CacheAwareContextLoaderDelegate from class [org.springframework.test.context.cache.DefaultCacheAwareContextLoaderDelegate]
19:27:11.210 [Test worker] DEBUG org.springframework.test.context.BootstrapUtils - Instantiating BootstrapContext using constructor [public org.springframework.test.context.support.DefaultBootstrapContext(java.lang.Class,org.springframework.test.context.CacheAwareContextLoaderDelegate)]
19:27:11.255 [Test worker] DEBUG org.springframework.test.context.BootstrapUtils - Instantiating TestContextBootstrapper for test class [pl.edu.pjatk.simulator.ApplicationTest] from class [org.springframework.boot.test.context.SpringBootTestContextBootstrapper]
19:27:11.277 [Test worker] INFO org.springframework.boot.test.context.SpringBootTestContextBootstrapper - Neither @ContextConfiguration nor @ContextHierarchy found for test class [pl.edu.pjatk.simulator.ApplicationTest], using SpringBootContextLoader
19:27:11.282 [Test worker] DEBUG org.springframework.test.context.support.AbstractContextLoader - Did not detect default resource location for test class [pl.edu.pjatk.simulator.ApplicationTest]: class path resource [pl/edu/pjatk/simulator/ApplicationTest-context.xml] does not exist
19:27:11.286 [Test worker] DEBUG org.springframework.test.context.support.AbstractContextLoader - Did not detect default resource location for test class [pl.edu.pjatk.simulator.ApplicationTest]: class path resource [pl/edu/pjatk/simulator/ApplicationTestContext.groovy] does not exist
19:27:11.287 [Test worker] INFO org.springframework.test.context.support.AbstractContextLoader - Could not detect default resource locations for test class [pl.edu.pjatk.simulator.ApplicationTest]: no resource found for suffixes {-context.xml, Context.groovy}.
19:27:11.290 [Test worker] INFO org.springframework.test.context.support.AnnotationConfigContextLoaderUtils - Could not detect default configuration classes for test class [pl.edu.pjatk.simulator.ApplicationTest]: ApplicationTest does not declare any static, non-private, non-final, nested classes annotated with @Configuration.
19:27:11.364 [Test worker] DEBUG org.springframework.test.context.support.ActiveProfilesUtils - Could not find an 'annotation declaring class' for annotation type [org.springframework.test.context.ActiveProfiles] and class [pl.edu.pjatk.simulator.ApplicationTest]
19:27:11.490 [Test worker] DEBUG org.springframework.context.annotation.ClassPathScanningCandidateComponentProvider - Identified candidate component class: file [D:\Documents\JAZ\skm\skm-jb\skm-reference\simulator\build\classes\java\main\pl\edu\pjatk\simulator\Application.class]
19:27:11.493 [Test worker] INFO org.springframework.boot.test.context.SpringBootTestContextBootstrapper - Found @SpringBootConfiguration pl.edu.pjatk.simulator.Application for test class pl.edu.pjatk.simulator.ApplicationTest
19:27:11.657 [Test worker] DEBUG org.springframework.boot.test.context.SpringBootTestContextBootstrapper - @TestExecutionListeners is not present for class [pl.edu.pjatk.simulator.ApplicationTest]: using defaults.
19:27:11.659 [Test worker] INFO org.springframework.boot.test.context.SpringBootTestContextBootstrapper - Loaded default TestExecutionListener class names from location [META-INF/spring.factories]: [org.springframework.boot.test.autoconfigure.restdocs.RestDocsTestExecutionListener, org.springframework.boot.test.autoconfigure.web.client.MockRestServiceServerResetTestExecutionListener, org.springframework.boot.test.autoconfigure.web.servlet.MockMvcPrintOnlyOnFailureTestExecutionListener, org.springframework.boot.test.autoconfigure.web.servlet.WebDriverTestExecutionListener, org.springframework.boot.test.autoconfigure.webservices.client.MockWebServiceServerTestExecutionListener, org.springframework.boot.test.mock.mockito.MockitoTestExecutionListener, org.springframework.boot.test.mock.mockito.ResetMocksTestExecutionListener, org.springframework.test.context.web.ServletTestExecutionListener, org.springframework.test.context.support.DirtiesContextBeforeModesTestExecutionListener, org.springframework.test.context.support.DependencyInjectionTestExecutionListener, org.springframework.test.context.support.DirtiesContextTestExecutionListener, org.springframework.test.context.transaction.TransactionalTestExecutionListener, org.springframework.test.context.jdbc.SqlScriptsTestExecutionListener, org.springframework.test.context.event.EventPublishingTestExecutionListener]
19:27:11.684 [Test worker] INFO org.springframework.boot.test.context.SpringBootTestContextBootstrapper - Using TestExecutionListeners: [org.springframework.test.context.web.ServletTestExecutionListener@3b1a364, org.springframework.test.context.support.DirtiesContextBeforeModesTestExecutionListener@3232f50a, org.springframework.boot.test.mock.mockito.MockitoTestExecutionListener@144292d5, org.springframework.boot.test.autoconfigure.SpringBootDependencyInjectionTestExecutionListener@4c03cfc, org.springframework.test.context.support.DirtiesContextTestExecutionListener@a640583, org.springframework.test.context.transaction.TransactionalTestExecutionListener@2fdb2b60, org.springframework.test.context.jdbc.SqlScriptsTestExecutionListener@2f0fd074, org.springframework.test.context.event.EventPublishingTestExecutionListener@2aad3eb5, org.springframework.boot.test.autoconfigure.restdocs.RestDocsTestExecutionListener@4f6e7e, org.springframework.boot.test.autoconfigure.web.client.MockRestServiceServerResetTestExecutionListener@76b9d53c, org.springframework.boot.test.autoconfigure.web.servlet.MockMvcPrintOnlyOnFailureTestExecutionListener@27e437ef, org.springframework.boot.test.autoconfigure.web.servlet.WebDriverTestExecutionListener@64fffd30, org.springframework.boot.test.autoconfigure.webservices.client.MockWebServiceServerTestExecutionListener@1f38534f, org.springframework.boot.test.mock.mockito.ResetMocksTestExecutionListener@271065a1]
19:27:11.692 [Test worker] DEBUG org.springframework.test.context.support.AbstractDirtiesContextTestExecutionListener - Before test class: context [DefaultTestContext@15022213 testClass = ApplicationTest, testInstance = [null], testMethod = [null], testException = [null], mergedContextConfiguration = [WebMergedContextConfiguration@554b8e1f testClass = ApplicationTest, locations = '{}', classes = '{class pl.edu.pjatk.simulator.Application}', contextInitializerClasses = '[]', activeProfiles = '{}', propertySourceLocations = '{}', propertySourceProperties = '{org.springframework.boot.test.context.SpringBootTestContextBootstrapper=true}', contextCustomizers = set[org.springframework.boot.test.autoconfigure.properties.PropertyMappingContextCustomizer@0, org.springframework.boot.test.autoconfigure.web.servlet.WebDriverContextCustomizerFactory$Customizer@42b47763, org.springframework.boot.test.context.filter.ExcludeFilterContextCustomizer@6baa2aa7, org.springframework.boot.test.json.DuplicateJsonObjectContextCustomizerFactory$DuplicateJsonObjectContextCustomizer@797fe057, org.springframework.boot.test.mock.mockito.MockitoContextCustomizer@0, org.springframework.boot.test.web.client.TestRestTemplateContextCustomizer@1cd4c1d1, org.springframework.boot.test.context.SpringBootTestArgs@1], resourceBasePath = 'src/main/webapp', contextLoader = 'org.springframework.boot.test.context.SpringBootContextLoader', parent = [null]], attributes = map['org.springframework.test.context.web.ServletTestExecutionListener.activateListener' -> true]], class annotated with @DirtiesContext [false] with mode [null].
19:27:11.730 [Test worker] DEBUG org.springframework.test.context.support.TestPropertySourceUtils - Adding inlined properties to environment: {spring.jmx.enabled=false, org.springframework.boot.test.context.SpringBootTestContextBootstrapper=true}

  .   ____          _            __ _ _
 /\\ / ___'_ __ _ _(_)_ __  __ _ \ \ \ \
( ( )\___ | '_ | '_| | '_ \/ _` | \ \ \ \
 \\/  ___)| |_)| | | | | || (_| |  ) ) ) )
  '  |____| .__|_| |_|_| |_\__, | / / / /
 =========|_|==============|___/=/_/_/_/
 :: Spring Boot ::        (v2.3.4.RELEASE)

2020-12-25 19:27:12.033  INFO 15668 --- [    Test worker] pl.edu.pjatk.simulator.ApplicationTest   : Starting ApplicationTest on DESKTOP-9U5H4BF with PID 15668 (started by Ja in D:\Documents\JAZ\skm\skm-jb\skm-reference\simulator)
2020-12-25 19:27:12.035  INFO 15668 --- [    Test worker] pl.edu.pjatk.simulator.ApplicationTest   : No active profile set, falling back to default profiles: default
2020-12-25 19:27:13.141  INFO 15668 --- [    Test worker] .s.d.r.c.RepositoryConfigurationDelegate : Bootstrapping Spring Data JPA repositories in DEFERRED mode.
2020-12-25 19:27:13.261  INFO 15668 --- [    Test worker] .s.d.r.c.RepositoryConfigurationDelegate : Finished Spring Data repository scanning in 105ms. Found 2 JPA repository interfaces.
2020-12-25 19:27:13.843  INFO 15668 --- [    Test worker] com.zaxxer.hikari.HikariDataSource       : HikariPool-1 - Starting...
2020-12-25 19:27:14.103  INFO 15668 --- [    Test worker] com.zaxxer.hikari.HikariDataSource       : HikariPool-1 - Start completed.
2020-12-25 19:27:14.541  INFO 15668 --- [    Test worker] liquibase.lockservice                    : Successfully acquired change log lock
2020-12-25 19:27:14.852  INFO 15668 --- [    Test worker] liquibase.changelog                      : Creating database history table with name: PUBLIC.DATABASECHANGELOG
2020-12-25 19:27:14.857  INFO 15668 --- [    Test worker] liquibase.changelog                      : Reading from PUBLIC.DATABASECHANGELOG
2020-12-25 19:27:14.963  INFO 15668 --- [    Test worker] liquibase.changelog                      : Table trains created
2020-12-25 19:27:14.973  INFO 15668 --- [    Test worker] liquibase.changelog                      : Table compartments created
2020-12-25 19:27:14.973  INFO 15668 --- [    Test worker] liquibase.changelog                      : ChangeSet db/changelog/tables/init-tables.yml::2020_23.12-initial-tables::jan.wieczorek ran successfully in 37ms
2020-12-25 19:27:15.000  INFO 15668 --- [    Test worker] liquibase.changelog                      : SQL in file db/changelog/data/sql/insert-trains.sql executed
2020-12-25 19:27:15.001  INFO 15668 --- [    Test worker] liquibase.changelog                      : ChangeSet db/changelog/data/init-data-insert-trains.yml::2020_12_10-insert-initial-data-trains::jan.wieczorek ran successfully in 8ms
2020-12-25 19:27:15.012  INFO 15668 --- [    Test worker] liquibase.changelog                      : SQL in file db/changelog/data/sql/insert-compartments.sql executed
2020-12-25 19:27:15.012  INFO 15668 --- [    Test worker] liquibase.changelog                      : ChangeSet db/changelog/data/init-data-insert-compartments.yml::20202_12_25-insert-initial-data-compartments::jan.wieczorek ran successfully in 10ms
2020-12-25 19:27:15.015  INFO 15668 --- [    Test worker] liquibase.lockservice                    : Successfully released change log lock
2020-12-25 19:27:15.175  INFO 15668 --- [    Test worker] o.s.s.concurrent.ThreadPoolTaskExecutor  : Initializing ExecutorService 'applicationTaskExecutor'
2020-12-25 19:27:15.278  INFO 15668 --- [         task-1] o.hibernate.jpa.internal.util.LogHelper  : HHH000204: Processing PersistenceUnitInfo [name: default]
2020-12-25 19:27:15.374  INFO 15668 --- [         task-1] org.hibernate.Version                    : HHH000412: Hibernate ORM core version 5.4.21.Final
2020-12-25 19:27:15.627  INFO 15668 --- [         task-1] o.hibernate.annotations.common.Version   : HCANN000001: Hibernate Commons Annotations {5.1.0.Final}
2020-12-25 19:27:15.826  WARN 15668 --- [    Test worker] JpaBaseConfiguration$JpaWebConfiguration : spring.jpa.open-in-view is enabled by default. Therefore, database queries may be performed during view rendering. Explicitly configure spring.jpa.open-in-view to disable this warning
2020-12-25 19:27:15.895  INFO 15668 --- [         task-1] org.hibernate.dialect.Dialect            : HHH000400: Using dialect: org.hibernate.dialect.H2Dialect
2020-12-25 19:27:16.935  INFO 15668 --- [    Test worker] DeferredRepositoryInitializationListener : Triggering deferred initialization of Spring Data repositories…
2020-12-25 19:27:17.134  INFO 15668 --- [         task-1] o.h.e.t.j.p.i.JtaPlatformInitiator       : HHH000490: Using JtaPlatform implementation: [org.hibernate.engine.transaction.jta.platform.internal.NoJtaPlatform]
2020-12-25 19:27:17.150  INFO 15668 --- [         task-1] j.LocalContainerEntityManagerFactoryBean : Initialized JPA EntityManagerFactory for persistence unit 'default'
2020-12-25 19:27:17.408  INFO 15668 --- [    Test worker] DeferredRepositoryInitializationListener : Spring Data repositories initialized!
2020-12-25 19:27:17.419  INFO 15668 --- [    Test worker] pl.edu.pjatk.simulator.ApplicationTest   : Started ApplicationTest in 5.68 seconds (JVM running for 7.042)
]]></system-out>
  <system-err><![CDATA[]]></system-err>
</testsuite>
