<?xml version="1.0" encoding="UTF-8"?>
<testsuite name="pl.edu.pjatk.simulator.ApplicationTest" tests="1" skipped="0" failures="0" errors="0" timestamp="2021-02-02T16:54:24" hostname="DESKTOP-9U5H4BF" time="0.004">
  <properties/>
  <testcase name="contextLoads()" classname="pl.edu.pjatk.simulator.ApplicationTest" time="0.004"/>
  <system-out><![CDATA[2021-02-02 17:54:24.648  INFO 3736 --- [    Test worker] .b.t.c.SpringBootTestContextBootstrapper : Neither @ContextConfiguration nor @ContextHierarchy found for test class [pl.edu.pjatk.simulator.ApplicationTest], using SpringBootContextLoader
2021-02-02 17:54:24.650  INFO 3736 --- [    Test worker] o.s.t.c.support.AbstractContextLoader    : Could not detect default resource locations for test class [pl.edu.pjatk.simulator.ApplicationTest]: no resource found for suffixes {-context.xml, Context.groovy}.
2021-02-02 17:54:24.650  INFO 3736 --- [    Test worker] t.c.s.AnnotationConfigContextLoaderUtils : Could not detect default configuration classes for test class [pl.edu.pjatk.simulator.ApplicationTest]: ApplicationTest does not declare any static, non-private, non-final, nested classes annotated with @Configuration.
2021-02-02 17:54:24.655  INFO 3736 --- [    Test worker] .b.t.c.SpringBootTestContextBootstrapper : Found @SpringBootConfiguration pl.edu.pjatk.simulator.Application for test class pl.edu.pjatk.simulator.ApplicationTest
2021-02-02 17:54:24.657  INFO 3736 --- [    Test worker] .b.t.c.SpringBootTestContextBootstrapper : Loaded default TestExecutionListener class names from location [META-INF/spring.factories]: [org.springframework.security.test.context.support.WithSecurityContextTestExecutionListener, org.springframework.security.test.context.support.ReactorContextTestExecutionListener, org.springframework.boot.test.autoconfigure.restdocs.RestDocsTestExecutionListener, org.springframework.boot.test.autoconfigure.web.client.MockRestServiceServerResetTestExecutionListener, org.springframework.boot.test.autoconfigure.web.servlet.MockMvcPrintOnlyOnFailureTestExecutionListener, org.springframework.boot.test.autoconfigure.web.servlet.WebDriverTestExecutionListener, org.springframework.boot.test.autoconfigure.webservices.client.MockWebServiceServerTestExecutionListener, org.springframework.boot.test.mock.mockito.MockitoTestExecutionListener, org.springframework.boot.test.mock.mockito.ResetMocksTestExecutionListener, org.springframework.test.context.web.ServletTestExecutionListener, org.springframework.test.context.support.DirtiesContextBeforeModesTestExecutionListener, org.springframework.test.context.support.DependencyInjectionTestExecutionListener, org.springframework.test.context.support.DirtiesContextTestExecutionListener, org.springframework.test.context.transaction.TransactionalTestExecutionListener, org.springframework.test.context.jdbc.SqlScriptsTestExecutionListener, org.springframework.test.context.event.EventPublishingTestExecutionListener]
2021-02-02 17:54:24.658  INFO 3736 --- [    Test worker] .b.t.c.SpringBootTestContextBootstrapper : Using TestExecutionListeners: [org.springframework.test.context.web.ServletTestExecutionListener@255ccbee, org.springframework.test.context.support.DirtiesContextBeforeModesTestExecutionListener@1aac9d1, org.springframework.boot.test.mock.mockito.MockitoTestExecutionListener@69c03629, org.springframework.boot.test.autoconfigure.SpringBootDependencyInjectionTestExecutionListener@61d119f7, org.springframework.test.context.support.DirtiesContextTestExecutionListener@2211bd98, org.springframework.test.context.transaction.TransactionalTestExecutionListener@75221c4a, org.springframework.test.context.jdbc.SqlScriptsTestExecutionListener@1d3b0db9, org.springframework.security.test.context.support.WithSecurityContextTestExecutionListener@744ca148, org.springframework.test.context.event.EventPublishingTestExecutionListener@5b1e3f24, org.springframework.security.test.context.support.ReactorContextTestExecutionListener@3e3bb841, org.springframework.boot.test.autoconfigure.restdocs.RestDocsTestExecutionListener@7b283cfa, org.springframework.boot.test.autoconfigure.web.client.MockRestServiceServerResetTestExecutionListener@6aff8436, org.springframework.boot.test.autoconfigure.web.servlet.MockMvcPrintOnlyOnFailureTestExecutionListener@40b27152, org.springframework.boot.test.autoconfigure.web.servlet.WebDriverTestExecutionListener@232820b5, org.springframework.boot.test.autoconfigure.webservices.client.MockWebServiceServerTestExecutionListener@195d17c6, org.springframework.boot.test.mock.mockito.ResetMocksTestExecutionListener@f15feef]
]]></system-out>
  <system-err><![CDATA[]]></system-err>
</testsuite>
